\BOOKMARK [0][-]{chapter.1}{Introducci\363n}{}% 1
\BOOKMARK [1][-]{section.1.1}{Contexto}{chapter.1}% 2
\BOOKMARK [2][-]{subsection.1.1.1}{Dominio de aplicaci\363n}{section.1.1}% 3
\BOOKMARK [1][-]{section.1.2}{Objetivos}{chapter.1}% 4
\BOOKMARK [2][-]{subsection.1.2.1}{Objetivos espec\355ficos}{section.1.2}% 5
\BOOKMARK [1][-]{section.1.3}{Estructura de la memoria}{chapter.1}% 6
\BOOKMARK [0][-]{chapter.2}{Estado del arte}{}% 7
\BOOKMARK [1][-]{section.2.1}{Relevancia de documentos}{chapter.2}% 8
\BOOKMARK [1][-]{section.2.2}{Generaci\363n autom\341tica de lexicones}{chapter.2}% 9
\BOOKMARK [1][-]{section.2.3}{Algoritmos de reputaci\363n}{chapter.2}% 10
\BOOKMARK [1][-]{section.2.4}{Redes neuronales aplicadas a texto}{chapter.2}% 11
\BOOKMARK [0][-]{chapter.3}{Propuesta}{}% 12
\BOOKMARK [1][-]{section.3.1}{Arquitectura general}{chapter.3}% 13
\BOOKMARK [1][-]{section.3.2}{Creaci\363n del lexic\363n de relevancias}{chapter.3}% 14
\BOOKMARK [2][-]{subsection.3.2.1}{M\363dulo ETL}{section.3.2}% 15
\BOOKMARK [2][-]{subsection.3.2.2}{M\363dulo de Gesti\363n del conocimiento}{section.3.2}% 16
\BOOKMARK [2][-]{subsection.3.2.3}{Text filter}{section.3.2}% 17
\BOOKMARK [2][-]{subsection.3.2.4}{Text normalizer}{section.3.2}% 18
\BOOKMARK [2][-]{subsection.3.2.5}{Lexicon builder}{section.3.2}% 19
\BOOKMARK [1][-]{section.3.3}{Creaci\363n del la red neuronal}{chapter.3}% 20
\BOOKMARK [1][-]{section.3.4}{Estimaci\363n de relevancias de art\355culos}{chapter.3}% 21
\BOOKMARK [0][-]{chapter.4}{Experimentos y resultados}{}% 22
\BOOKMARK [1][-]{section.4.1}{Planificaci\363n temporal}{chapter.4}% 23
\BOOKMARK [1][-]{section.4.2}{Descarga y preprocesado de art\355culos}{chapter.4}% 24
\BOOKMARK [1][-]{section.4.3}{Creaci\363n de lexicones por a\361o.}{chapter.4}% 25
\BOOKMARK [1][-]{section.4.4}{Creaci\363n de las redes neuronales por a\361o.}{chapter.4}% 26
\BOOKMARK [1][-]{section.4.5}{Experimentos}{chapter.4}% 27
\BOOKMARK [0][-]{chapter.5}{Conclusiones}{}% 28
\BOOKMARK [0][-]{chapter*.7}{Bibliograf\355a}{}% 29
